#
# There is insufficient memory for the Java Runtime Environment to continue.
# Native memory allocation (malloc) failed to allocate 1873136 bytes for Chunk::new
# Possible reasons:
#   The system is out of physical RAM or swap space
#   The process is running with CompressedOops enabled, and the Java Heap may be blocking the growth of the native heap
# Possible solutions:
#   Reduce memory load on the system
#   Increase physical memory or swap space
#   Check if swap backing store is full
#   Decrease Java heap size (-Xmx/-Xms)
#   Decrease number of Java threads
#   Decrease Java thread stack sizes (-Xss)
#   Set larger code cache with -XX:ReservedCodeCacheSize=
#   JVM is running with Unscaled Compressed Oops mode in which the Java heap is
#     placed in the first 4GB address space. The Java Heap base address is the
#     maximum limit for the native heap growth. Please use -XX:HeapBaseMinAddress
#     to set the Java Heap base and to place the Java Heap above 4GB virtual address.
# This output file may be truncated or incomplete.
#
#  Out of Memory Error (allocation.cpp:389), pid=12428, tid=0x000000000000411c
#
# JRE version: OpenJDK Runtime Environment (8.0_242-b01) (build 1.8.0_242-release-1644-b01)
# Java VM: OpenJDK 64-Bit Server VM (25.242-b01 mixed mode windows-amd64 compressed oops)
# Failed to write core dump. Minidumps are not enabled by default on client versions of Windows
#

---------------  T H R E A D  ---------------

Current thread (0x000000001a041800):  JavaThread "C2 CompilerThread1" daemon [_thread_in_native, id=16668, stack(0x000000001a8b0000,0x000000001a9b0000)]

Stack: [0x000000001a8b0000,0x000000001a9b0000]
[error occurred during error reporting (printing stack bounds), id 0xc0000005]

Native frames: (J=compiled Java code, j=interpreted, Vv=VM code, C=native code)


Current CompileTask:
C2: 173654 15842       4       com.android.tools.r8.B.a.a.f::a (3630 bytes)


---------------  P R O C E S S  ---------------

Java Threads: ( => current thread )
  0x0000000020ae2800 JavaThread "WorkerExecutor Queue Thread 10" [_thread_blocked, id=16820, stack(0x000000002c720000,0x000000002c820000)]
  0x000000001ffdf000 JavaThread "Cache worker for Java compile cache (C:\Users\c\AndroidStudioProjects\TEST\.gradle\6.1.1\javaCompile)" [_thread_blocked, id=16540, stack(0x000000002a500000,0x000000002a600000)]
  0x000000001ffde800 JavaThread "Cache worker for Java compile cache (C:\Users\c\.gradle\caches\6.1.1\javaCompile)" [_thread_blocked, id=7668, stack(0x000000002a000000,0x000000002a100000)]
  0x000000001ffda800 JavaThread "stdout" [_thread_in_native, id=4576, stack(0x000000002b7f0000,0x000000002b8f0000)]
  0x000000001ffdb800 JavaThread "stderr" [_thread_in_native, id=12176, stack(0x000000002b6f0000,0x000000002b7f0000)]
  0x000000001ffd2800 JavaThread "stdout" [_thread_in_native, id=12668, stack(0x000000002b5f0000,0x000000002b6f0000)]
  0x000000001ffd9000 JavaThread "stderr" [_thread_in_native, id=4384, stack(0x000000002b4f0000,0x000000002b5f0000)]
  0x000000001ffd1800 JavaThread "stdout" [_thread_in_native, id=13948, stack(0x000000002b160000,0x000000002b260000)]
  0x000000001ffd3000 JavaThread "stderr" [_thread_in_native, id=11908, stack(0x000000002ae00000,0x000000002af00000)]
  0x000000001ffd8800 JavaThread "stdout" [_thread_in_native, id=5512, stack(0x000000002b3f0000,0x000000002b4f0000)]
  0x000000001ffd7800 JavaThread "stderr" [_thread_in_native, id=9076, stack(0x000000002b2f0000,0x000000002b3f0000)]
  0x000000001ffd5800 JavaThread "stdout" [_thread_in_native, id=13956, stack(0x000000002b060000,0x000000002b160000)]
  0x000000001ffd4800 JavaThread "stderr" [_thread_in_native, id=10908, stack(0x000000002af60000,0x000000002b060000)]
  0x000000001ffd0000 JavaThread "stdout" [_thread_in_native, id=9540, stack(0x000000002ad00000,0x000000002ae00000)]
  0x000000001ffd4000 JavaThread "stderr" [_thread_in_native, id=4064, stack(0x000000002ac00000,0x000000002ad00000)]
  0x000000001ffd6000 JavaThread "stdout" [_thread_in_native, id=11252, stack(0x000000002ab00000,0x000000002ac00000)]
  0x000000001ffd1000 JavaThread "stderr" [_thread_in_native, id=4168, stack(0x000000002aa00000,0x000000002ab00000)]
  0x000000001ffd7000 JavaThread "stdout" [_thread_in_native, id=13048, stack(0x000000002a900000,0x000000002aa00000)]
  0x00000000211c9800 JavaThread "stderr" [_thread_in_native, id=1684, stack(0x000000002a800000,0x000000002a900000)]
  0x0000000020ae9800 JavaThread "pool-4-thread-1" [_thread_blocked, id=15004, stack(0x000000002a700000,0x000000002a800000)]
  0x0000000020adf800 JavaThread "WorkerExecutor Queue" [_thread_in_native, id=13896, stack(0x0000000029d00000,0x0000000029e00000)]
  0x0000000020ae4000 JavaThread "Cache worker for execution history cache (C:\Users\c\AndroidStudioProjects\TEST\.gradle\6.1.1\executionHistory)" [_thread_blocked, id=12340, stack(0x0000000029c00000,0x0000000029d00000)]
  0x0000000020ae0800 JavaThread "Execution worker for ':' Thread 7" [_thread_blocked, id=12632, stack(0x0000000029b00000,0x0000000029c00000)]
  0x0000000020adf000 JavaThread "Execution worker for ':' Thread 6" [_thread_in_vm, id=2852, stack(0x0000000029a00000,0x0000000029b00000)]
  0x0000000020ae3800 JavaThread "Execution worker for ':' Thread 5" [_thread_blocked, id=6652, stack(0x0000000029900000,0x0000000029a00000)]
  0x0000000020ae2000 JavaThread "Execution worker for ':' Thread 4" [_thread_blocked, id=5880, stack(0x0000000029800000,0x0000000029900000)]
  0x000000001a056800 JavaThread "Execution worker for ':' Thread 3" [_thread_blocked, id=12764, stack(0x00000000292d0000,0x00000000293d0000)]
  0x000000001a053800 JavaThread "Execution worker for ':' Thread 2" [_thread_blocked, id=14712, stack(0x0000000027f90000,0x0000000028090000)]
  0x000000001a059800 JavaThread "Execution worker for ':'" [_thread_blocked, id=3420, stack(0x0000000026bd0000,0x0000000026cd0000)]
  0x000000001a052800 JavaThread "Cache worker for file content cache (C:\Users\c\AndroidStudioProjects\TEST\.gradle\6.1.1\fileContent)" [_thread_blocked, id=12680, stack(0x00000000260d0000,0x00000000261d0000)]
  0x00000000211cb800 JavaThread "Cache worker for file content cache (C:\Users\c\.gradle\caches\6.1.1\fileContent)" [_thread_blocked, id=2040, stack(0x0000000024d30000,0x0000000024e30000)]
  0x00000000211cb000 JavaThread "Memory manager" [_thread_blocked, id=3472, stack(0x0000000024c30000,0x0000000024d30000)]
  0x00000000211c2000 JavaThread "Cache worker for Build Output Cleanup Cache (C:\Users\c\AndroidStudioProjects\TEST\.gradle\buildOutputCleanup)" [_thread_blocked, id=2436, stack(0x0000000024b30000,0x0000000024c30000)]
  0x00000000211c7000 JavaThread "Build operations Thread 8" [_thread_blocked, id=11268, stack(0x0000000024a30000,0x0000000024b30000)]
  0x00000000211c8000 JavaThread "Build operations Thread 7" [_thread_blocked, id=8836, stack(0x0000000024930000,0x0000000024a30000)]
  0x00000000211c6800 JavaThread "Build operations Thread 6" [_thread_blocked, id=12716, stack(0x0000000024830000,0x0000000024930000)]
  0x00000000211c5000 JavaThread "Build operations Thread 5" [_thread_blocked, id=1136, stack(0x0000000024730000,0x0000000024830000)]
  0x00000000211c5800 JavaThread "Build operations Thread 4" [_thread_blocked, id=11460, stack(0x0000000022420000,0x0000000022520000)]
  0x00000000211c4000 JavaThread "Build operations Thread 3" [_thread_blocked, id=1296, stack(0x0000000022320000,0x0000000022420000)]
  0x00000000211c2800 JavaThread "Build operations Thread 2" [_thread_blocked, id=10148, stack(0x0000000021ea0000,0x0000000021fa0000)]
  0x0000000021504000 JavaThread "Build operations" [_thread_blocked, id=6020, stack(0x0000000021da0000,0x0000000021ea0000)]
  0x0000000021503000 JavaThread "Cache worker for cache directory md-rule (C:\Users\c\.gradle\caches\6.1.1\md-rule)" [_thread_blocked, id=12060, stack(0x0000000021ca0000,0x0000000021da0000)]
  0x0000000021505800 JavaThread "Cache worker for cache directory md-supplier (C:\Users\c\.gradle\caches\6.1.1\md-supplier)" [_thread_blocked, id=1140, stack(0x000000001e330000,0x000000001e430000)]
  0x0000000021507000 JavaThread "Cache worker for file hash cache (C:\Users\c\AndroidStudioProjects\TEST\.gradle\6.1.1\fileHashes)" [_thread_blocked, id=8544, stack(0x000000001e230000,0x000000001e330000)]
  0x0000000021502800 JavaThread "Cache worker for checksums cache (C:\Users\c\AndroidStudioProjects\TEST\.gradle\checksums)" [_thread_blocked, id=13060, stack(0x000000001e130000,0x000000001e230000)]
  0x0000000021504800 JavaThread "Thread-40" [_thread_blocked, id=4352, stack(0x000000001e030000,0x000000001e130000)]
  0x00000000214fb000 JavaThread "Stdin handler" [_thread_blocked, id=2912, stack(0x000000001df30000,0x000000001e030000)]
  0x0000000021501800 JavaThread "Asynchronous log dispatcher for DefaultDaemonConnection: socket connection from /127.0.0.1:54269 to /127.0.0.1:54356" [_thread_blocked, id=17076, stack(0x000000001dc30000,0x000000001dd30000)]
  0x00000000214fa000 JavaThread "Daemon worker Thread 2" [_thread_in_native, id=14880, stack(0x000000001db30000,0x000000001dc30000)]
  0x0000000021501000 JavaThread "Cancel handler" [_thread_blocked, id=10972, stack(0x0000000001130000,0x0000000001230000)]
  0x0000000021500000 JavaThread "Handler for socket connection from /127.0.0.1:54269 to /127.0.0.1:54356" [_thread_in_native, id=2504, stack(0x0000000000ff0000,0x00000000010f0000)]
  0x00000000214f8800 JavaThread "Daemon Thread 2" [_thread_blocked, id=8356, stack(0x0000000000ef0000,0x0000000000ff0000)]
  0x000000001a058000 JavaThread "Cache worker for execution history cache (C:\Users\c\.gradle\caches\6.1.1\executionHistory)" [_thread_blocked, id=7144, stack(0x0000000022020000,0x0000000022120000)]
  0x000000001a055800 JavaThread "Cache worker for file hash cache (C:\Users\c\.gradle\caches\6.1.1\fileHashes)" [_thread_blocked, id=5040, stack(0x000000001e830000,0x000000001e930000)]
  0x000000001a058800 JavaThread "File lock request listener" [_thread_in_native, id=3464, stack(0x000000001e730000,0x000000001e830000)]
  0x000000001b0bd800 JavaThread "Cache worker for journal cache (C:\Users\c\.gradle\caches\journal-1)" [_thread_blocked, id=3912, stack(0x000000001e630000,0x000000001e730000)]
  0x000000001ca4b800 JavaThread "Daemon periodic checks" [_thread_blocked, id=9336, stack(0x000000001da30000,0x000000001db30000)]
  0x000000001c9a9000 JavaThread "Incoming local TCP Connector on port 54269" [_thread_in_native, id=11596, stack(0x000000001d850000,0x000000001d950000)]
  0x000000001ae81000 JavaThread "Daemon health stats" [_thread_blocked, id=4068, stack(0x000000001d750000,0x000000001d850000)]
  0x000000001a0d4800 JavaThread "Service Thread" daemon [_thread_blocked, id=13980, stack(0x000000001abb0000,0x000000001acb0000)]
  0x000000001a054000 JavaThread "C1 CompilerThread3" daemon [_thread_blocked, id=2208, stack(0x000000001aab0000,0x000000001abb0000)]
  0x000000001a04c000 JavaThread "C2 CompilerThread2" daemon [_thread_blocked, id=11140, stack(0x000000001a9b0000,0x000000001aab0000)]
=>0x000000001a041800 JavaThread "C2 CompilerThread1" daemon [_thread_in_native, id=16668, stack(0x000000001a8b0000,0x000000001a9b0000)]
  0x000000001a03c800 JavaThread "C2 CompilerThread0" daemon [_thread_in_native, id=17232, stack(0x000000001a7b0000,0x000000001a8b0000)]
  0x0000000019fe9000 JavaThread "Attach Listener" daemon [_thread_blocked, id=3816, stack(0x000000001a6b0000,0x000000001a7b0000)]
  0x0000000019fe8000 JavaThread "Signal Dispatcher" daemon [_thread_blocked, id=13940, stack(0x000000001a5b0000,0x000000001a6b0000)]
  0x0000000019fd0800 JavaThread "Finalizer" daemon [_thread_blocked, id=3780, stack(0x000000001a4b0000,0x000000001a5b0000)]
  0x00000000181cc800 JavaThread "Reference Handler" daemon [_thread_blocked, id=7552, stack(0x000000001a3b0000,0x000000001a4b0000)]
  0x0000000002b6d800 JavaThread "main" [_thread_blocked, id=16064, stack(0x0000000002f60000,0x0000000003060000)]

Other Threads:
  0x00000000181c6000 VMThread [stack: 0x0000000019eb0000,0x0000000019fb0000] [id=2868]
  0x000000001a0d5800 WatcherThread [stack: 0x000000001acb0000,0x000000001adb0000] [id=2356]

VM state:not at safepoint (normal execution)

VM Mutex/Monitor currently owned by a thread: None

heap address: 0x0000000080000000, size: 2048 MB, Compressed Oops mode: 32-bit
Narrow klass base: 0x0000000000000000, Narrow klass shift: 3
Compressed class space size: 1073741824 Address: 0x0000000100000000

Heap:
 PSYoungGen      total 226304K, used 62616K [0x00000000d5580000, 0x00000000e5b80000, 0x0000000100000000)
  eden space 199168K, 17% used [0x00000000d5580000,0x00000000d782abd0,0x00000000e1800000)
  from space 27136K, 99% used [0x00000000e4100000,0x00000000e5b7b520,0x00000000e5b80000)
  to   space 26624K, 0% used [0x00000000e1800000,0x00000000e1800000,0x00000000e3200000)
 ParOldGen       total 238592K, used 86328K [0x0000000080000000, 0x000000008e900000, 0x00000000d5580000)
  object space 238592K, 36% used [0x0000000080000000,0x000000008544e300,0x000000008e900000)
 Metaspace       used 100145K, capacity 105046K, committed 105256K, reserved 1140736K
  class space    used 13230K, capacity 14305K, committed 14376K, reserved 1048576K

Card table byte_map: [0x0000000012520000,0x0000000012930000] byte_map_base: 0x0000000012120000

Marking Bits: (ParMarkBitMap*) 0x00000000617cf030
 Begin Bits: [0x00000000133e0000, 0x00000000153e0000)
 End Bits:   [0x00000000153e0000, 0x00000000173e0000)

Polling page: 0x0000000001290000

CodeCache: size=245760Kb used=44564Kb max_used=45136Kb free=201195Kb
 bounds [0x0000000003160000, 0x0000000005dc0000, 0x0000000012160000]
 total_blobs=14210 nmethods=13309 adapters=812
 compilation: enabled

Compilation events (10 events):
Event: 173.606 Thread 0x000000001a054000 15958       3       java.lang.invoke.MethodTypeForm::<init> (687 bytes)
Event: 173.621 Thread 0x000000001a054000 nmethod 15958 0x00000000035eb910 code [0x00000000035ebc80, 0x00000000035ee558]
Event: 173.621 Thread 0x000000001a054000 15963       1       com.android.tools.r8.u.b.m1::r (5 bytes)
Event: 173.621 Thread 0x000000001a054000 nmethod 15963 0x00000000035eb650 code [0x00000000035eb7a0, 0x00000000035eb8b0]
Event: 173.621 Thread 0x000000001a054000 15964       1       com.android.tools.r8.u.b.h0::Y1 (2 bytes)
Event: 173.621 Thread 0x000000001a054000 nmethod 15964 0x0000000003ab9ad0 code [0x0000000003ab9c20, 0x0000000003ab9d30]
Event: 173.623 Thread 0x000000001a054000 15965       3       java.lang.invoke.MemberName::asSpecial (89 bytes)
Event: 173.624 Thread 0x000000001a054000 nmethod 15965 0x0000000005495a90 code [0x0000000005495d00, 0x0000000005496b48]
Event: 173.626 Thread 0x000000001a054000 15966       3       java.nio.HeapByteBuffer::put (16 bytes)
Event: 173.626 Thread 0x000000001a054000 nmethod 15966 0x0000000003fbfe10 code [0x0000000003fbffa0, 0x0000000003fc0328]

GC Heap History (10 events):
Event: 166.049 GC heap before
{Heap before GC invocations=20 (full 3):
 PSYoungGen      total 210432K, used 210416K [0x00000000d5580000, 0x00000000e4900000, 0x0000000100000000)
  eden space 187392K, 100% used [0x00000000d5580000,0x00000000e0c80000,0x00000000e0c80000)
  from space 23040K, 99% used [0x00000000e2800000,0x00000000e3e7c078,0x00000000e3e80000)
  to   space 28160K, 0% used [0x00000000e0c80000,0x00000000e0c80000,0x00000000e2800000)
 ParOldGen       total 145408K, used 56037K [0x0000000080000000, 0x0000000088e00000, 0x00000000d5580000)
  object space 145408K, 38% used [0x0000000080000000,0x00000000836b9618,0x0000000088e00000)
 Metaspace       used 86226K, capacity 90788K, committed 90928K, reserved 1128448K
  class space    used 11370K, capacity 12294K, committed 12336K, reserved 1048576K
Event: 166.072 GC heap after
Heap after GC invocations=20 (full 3):
 PSYoungGen      total 215552K, used 10687K [0x00000000d5580000, 0x00000000e4e80000, 0x0000000100000000)
  eden space 187392K, 0% used [0x00000000d5580000,0x00000000d5580000,0x00000000e0c80000)
  from space 28160K, 37% used [0x00000000e0c80000,0x00000000e16efdf0,0x00000000e2800000)
  to   space 27136K, 0% used [0x00000000e3400000,0x00000000e3400000,0x00000000e4e80000)
 ParOldGen       total 145408K, used 77966K [0x0000000080000000, 0x0000000088e00000, 0x00000000d5580000)
  object space 145408K, 53% used [0x0000000080000000,0x0000000084c23ad8,0x0000000088e00000)
 Metaspace       used 86226K, capacity 90788K, committed 90928K, reserved 1128448K
  class space    used 11370K, capacity 12294K, committed 12336K, reserved 1048576K
}
Event: 168.617 GC heap before
{Heap before GC invocations=21 (full 3):
 PSYoungGen      total 215552K, used 198079K [0x00000000d5580000, 0x00000000e4e80000, 0x0000000100000000)
  eden space 187392K, 100% used [0x00000000d5580000,0x00000000e0c80000,0x00000000e0c80000)
  from space 28160K, 37% used [0x00000000e0c80000,0x00000000e16efdf0,0x00000000e2800000)
  to   space 27136K, 0% used [0x00000000e3400000,0x00000000e3400000,0x00000000e4e80000)
 ParOldGen       total 145408K, used 77966K [0x0000000080000000, 0x0000000088e00000, 0x00000000d5580000)
  object space 145408K, 53% used [0x0000000080000000,0x0000000084c23ad8,0x0000000088e00000)
 Metaspace       used 89376K, capacity 93996K, committed 94256K, reserved 1130496K
  class space    used 11819K, capacity 12796K, committed 12848K, reserved 1048576K
Event: 168.623 GC heap after
Heap after GC invocations=21 (full 3):
 PSYoungGen      total 223744K, used 7136K [0x00000000d5580000, 0x00000000e4c00000, 0x0000000100000000)
  eden space 199168K, 0% used [0x00000000d5580000,0x00000000d5580000,0x00000000e1800000)
  from space 24576K, 29% used [0x00000000e3400000,0x00000000e3af80b0,0x00000000e4c00000)
  to   space 26624K, 0% used [0x00000000e1800000,0x00000000e1800000,0x00000000e3200000)
 ParOldGen       total 145408K, used 77974K [0x0000000080000000, 0x0000000088e00000, 0x00000000d5580000)
  object space 145408K, 53% used [0x0000000080000000,0x0000000084c25ad8,0x0000000088e00000)
 Metaspace       used 89376K, capacity 93996K, committed 94256K, reserved 1130496K
  class space    used 11819K, capacity 12796K, committed 12848K, reserved 1048576K
}
Event: 171.596 GC heap before
{Heap before GC invocations=22 (full 3):
 PSYoungGen      total 223744K, used 126301K [0x00000000d5580000, 0x00000000e4c00000, 0x0000000100000000)
  eden space 199168K, 59% used [0x00000000d5580000,0x00000000dc9df590,0x00000000e1800000)
  from space 24576K, 29% used [0x00000000e3400000,0x00000000e3af80b0,0x00000000e4c00000)
  to   space 26624K, 0% used [0x00000000e1800000,0x00000000e1800000,0x00000000e3200000)
 ParOldGen       total 145408K, used 77974K [0x0000000080000000, 0x0000000088e00000, 0x00000000d5580000)
  object space 145408K, 53% used [0x0000000080000000,0x0000000084c25ad8,0x0000000088e00000)
 Metaspace       used 93780K, capacity 98490K, committed 98600K, reserved 1134592K
  class space    used 12294K, capacity 13269K, committed 13352K, reserved 1048576K
Event: 171.628 GC heap after
Heap after GC invocations=22 (full 3):
 PSYoungGen      total 225792K, used 17874K [0x00000000d5580000, 0x00000000e5b80000, 0x0000000100000000)
  eden space 199168K, 0% used [0x00000000d5580000,0x00000000d5580000,0x00000000e1800000)
  from space 26624K, 67% used [0x00000000e1800000,0x00000000e2974998,0x00000000e3200000)
  to   space 27136K, 0% used [0x00000000e4100000,0x00000000e4100000,0x00000000e5b80000)
 ParOldGen       total 145408K, used 77982K [0x0000000080000000, 0x0000000088e00000, 0x00000000d5580000)
  object space 145408K, 53% used [0x0000000080000000,0x0000000084c27ad8,0x0000000088e00000)
 Metaspace       used 93780K, capacity 98490K, committed 98600K, reserved 1134592K
  class space    used 12294K, capacity 13269K, committed 13352K, reserved 1048576K
}
Event: 171.628 GC heap before
{Heap before GC invocations=23 (full 4):
 PSYoungGen      total 225792K, used 17874K [0x00000000d5580000, 0x00000000e5b80000, 0x0000000100000000)
  eden space 199168K, 0% used [0x00000000d5580000,0x00000000d5580000,0x00000000e1800000)
  from space 26624K, 67% used [0x00000000e1800000,0x00000000e2974998,0x00000000e3200000)
  to   space 27136K, 0% used [0x00000000e4100000,0x00000000e4100000,0x00000000e5b80000)
 ParOldGen       total 145408K, used 77982K [0x0000000080000000, 0x0000000088e00000, 0x00000000d5580000)
  object space 145408K, 53% used [0x0000000080000000,0x0000000084c27ad8,0x0000000088e00000)
 Metaspace       used 93780K, capacity 98490K, committed 98600K, reserved 1134592K
  class space    used 12294K, capacity 13269K, committed 13352K, reserved 1048576K
Event: 171.952 GC heap after
Heap after GC invocations=23 (full 4):
 PSYoungGen      total 225792K, used 0K [0x00000000d5580000, 0x00000000e5b80000, 0x0000000100000000)
  eden space 199168K, 0% used [0x00000000d5580000,0x00000000d5580000,0x00000000e1800000)
  from space 26624K, 0% used [0x00000000e1800000,0x00000000e1800000,0x00000000e3200000)
  to   space 27136K, 0% used [0x00000000e4100000,0x00000000e4100000,0x00000000e5b80000)
 ParOldGen       total 238592K, used 69969K [0x0000000080000000, 0x000000008e900000, 0x00000000d5580000)
  object space 238592K, 29% used [0x0000000080000000,0x0000000084454640,0x000000008e900000)
 Metaspace       used 93348K, capacity 97270K, committed 98600K, reserved 1134592K
  class space    used 12149K, capacity 13013K, committed 13352K, reserved 1048576K
}
Event: 173.081 GC heap before
{Heap before GC invocations=24 (full 4):
 PSYoungGen      total 225792K, used 199168K [0x00000000d5580000, 0x00000000e5b80000, 0x0000000100000000)
  eden space 199168K, 100% used [0x00000000d5580000,0x00000000e1800000,0x00000000e1800000)
  from space 26624K, 0% used [0x00000000e1800000,0x00000000e1800000,0x00000000e3200000)
  to   space 27136K, 0% used [0x00000000e4100000,0x00000000e4100000,0x00000000e5b80000)
 ParOldGen       total 238592K, used 69969K [0x0000000080000000, 0x000000008e900000, 0x00000000d5580000)
  object space 238592K, 29% used [0x0000000080000000,0x0000000084454640,0x000000008e900000)
 Metaspace       used 97137K, capacity 101414K, committed 102312K, reserved 1138688K
  class space    used 12682K, capacity 13593K, committed 13736K, reserved 1048576K
Event: 173.144 GC heap after
Heap after GC invocations=24 (full 4):
 PSYoungGen      total 226304K, used 27117K [0x00000000d5580000, 0x00000000e5b80000, 0x0000000100000000)
  eden space 199168K, 0% used [0x00000000d5580000,0x00000000d5580000,0x00000000e1800000)
  from space 27136K, 99% used [0x00000000e4100000,0x00000000e5b7b520,0x00000000e5b80000)
  to   space 26624K, 0% used [0x00000000e1800000,0x00000000e1800000,0x00000000e3200000)
 ParOldGen       total 238592K, used 86328K [0x0000000080000000, 0x000000008e900000, 0x00000000d5580000)
  object space 238592K, 36% used [0x0000000080000000,0x000000008544e300,0x000000008e900000)
 Metaspace       used 97137K, capacity 101414K, committed 102312K, reserved 1138688K
  class space    used 12682K, capacity 13593K, committed 13736K, reserved 1048576K
}

Deoptimization events (10 events):
Event: 173.533 Thread 0x00000000214fa000 Uncommon trap: reason=array_check action=maybe_recompile pc=0x000000000563dec8 method=java.util.TimSort.reverseRange([Ljava/lang/Object;II)V @ 20
Event: 173.534 Thread 0x000000001a059800 Uncommon trap: reason=bimorphic action=maybe_recompile pc=0x0000000005c40b9c method=com.android.tools.r8.s.a.a.a.v.hash(Ljava/lang/Object;)I @ 8
Event: 173.534 Thread 0x000000001a059800 Uncommon trap: reason=bimorphic action=maybe_recompile pc=0x0000000005c40b9c method=com.android.tools.r8.s.a.a.a.v.hash(Ljava/lang/Object;)I @ 8
Event: 173.534 Thread 0x000000001a059800 Uncommon trap: reason=bimorphic action=maybe_recompile pc=0x0000000005c40b9c method=com.android.tools.r8.s.a.a.a.v.hash(Ljava/lang/Object;)I @ 8
Event: 173.534 Thread 0x00000000214fa000 Uncommon trap: reason=array_check action=maybe_recompile pc=0x000000000563dec8 method=java.util.TimSort.reverseRange([Ljava/lang/Object;II)V @ 20
Event: 173.534 Thread 0x00000000214fa000 Uncommon trap: reason=array_check action=maybe_recompile pc=0x0000000003e0cc94 method=java.util.TimSort.reverseRange([Ljava/lang/Object;II)V @ 20
Event: 173.556 Thread 0x000000001a059800 Uncommon trap: reason=class_check action=maybe_recompile pc=0x0000000005d9757c method=java.util.Map.computeIfAbsent(Ljava/lang/Object;Ljava/util/function/Function;)Ljava/lang/Object; @ 7
Event: 173.561 Thread 0x0000000020ae3800 Uncommon trap: reason=class_check action=maybe_recompile pc=0x0000000005d9757c method=java.util.Map.computeIfAbsent(Ljava/lang/Object;Ljava/util/function/Function;)Ljava/lang/Object; @ 7
Event: 173.562 Thread 0x0000000020ae3800 Uncommon trap: reason=class_check action=maybe_recompile pc=0x0000000005d9757c method=java.util.Map.computeIfAbsent(Ljava/lang/Object;Ljava/util/function/Function;)Ljava/lang/Object; @ 7
Event: 173.572 Thread 0x000000001a056800 Uncommon trap: reason=class_check action=maybe_recompile pc=0x0000000005d9757c method=java.util.Map.computeIfAbsent(Ljava/lang/Object;Ljava/util/function/Function;)Ljava/lang/Object; @ 7

Classes redefined (0 events):
No events

Internal exceptions (10 events):
Event: 171.390 Thread 0x000000001a059800 Exception <a 'java/lang/NoSuchMethodError': java.lang.Object.lambda$static$0(Ljava/lang/String;)Z> (0x00000000dbdf5d70) thrown at [C:\src\AOSP-openjdk-git\hotspot\src\share\vm\interpreter\linkResolver.cpp, line 620]
Event: 171.981 Thread 0x0000000020adf800 Exception <a 'java/lang/NoSuchMethodError': java.lang.Object.newSystemTemporaryDirectory()Lcom/android/tools/build/apkzlib/bytestorage/TemporaryDirectory;> (0x00000000d59cbc38) thrown at [C:\src\AOSP-openjdk-git\hotspot\src\share\vm\interpreter\linkResolv
Event: 172.076 Thread 0x0000000020ae0800 Exception <a 'sun/nio/fs/WindowsException'> (0x00000000d6bb9de8) thrown at [C:\src\AOSP-openjdk-git\hotspot\src\share\vm\prims\jni.cpp, line 710]
Event: 172.167 Thread 0x0000000020ae3800 Exception <a 'sun/nio/fs/WindowsException'> (0x00000000d7cdc8d8) thrown at [C:\src\AOSP-openjdk-git\hotspot\src\share\vm\prims\jni.cpp, line 710]
Event: 172.230 Thread 0x00000000214fa000 Exception <a 'sun/nio/fs/WindowsException'> (0x00000000d88034c8) thrown at [C:\src\AOSP-openjdk-git\hotspot\src\share\vm\prims\jni.cpp, line 710]
Event: 172.233 Thread 0x000000001a056800 Exception <a 'sun/nio/fs/WindowsException'> (0x00000000d8970108) thrown at [C:\src\AOSP-openjdk-git\hotspot\src\share\vm\prims\jni.cpp, line 710]
Event: 172.252 Thread 0x000000001a059800 Exception <a 'sun/nio/fs/WindowsException'> (0x00000000d8d926f0) thrown at [C:\src\AOSP-openjdk-git\hotspot\src\share\vm\prims\jni.cpp, line 710]
Event: 172.268 Thread 0x0000000020adf000 Exception <a 'sun/nio/fs/WindowsException'> (0x00000000d8fe2190) thrown at [C:\src\AOSP-openjdk-git\hotspot\src\share\vm\prims\jni.cpp, line 710]
Event: 172.366 Thread 0x000000001a053800 Exception <a 'sun/nio/fs/WindowsException'> (0x00000000d9a091a8) thrown at [C:\src\AOSP-openjdk-git\hotspot\src\share\vm\prims\jni.cpp, line 710]
Event: 173.535 Thread 0x0000000020ae0800 Exception <a 'java/lang/NoSuchMethodError': java.lang.Object.lambda$maxBy$1(Ljava/util/Comparator;Ljava/lang/Object;Ljava/lang/Object;)Ljava/lang/Object;> (0x00000000d72dd120) thrown at [C:\src\AOSP-openjdk-git\hotspot\src\share\vm\interpreter\linkResolve

Events (10 events):
Event: 173.626 loading class com/android/tools/r8/ir/conversion/C
Event: 173.626 loading class com/android/tools/r8/ir/conversion/C done
Event: 173.626 loading class com/android/tools/r8/dex/s
Event: 173.626 loading class com/android/tools/r8/dex/s done
Event: 173.626 loading class com/android/tools/r8/code/s1
Event: 173.626 loading class com/android/tools/r8/code/s1 done
Event: 173.627 loading class com/android/tools/r8/ir/conversion/D
Event: 173.627 loading class com/android/tools/r8/ir/conversion/D done
Event: 173.628 loading class com/android/tools/r8/code/u0
Event: 173.628 loading class com/android/tools/r8/code/u0 done


Dynamic libraries:
0x00007ff6103b0000 - 0x00007ff6103e1000 	C:\Program Files\Android\Android Studio\jre\bin\java.exe
0x00007ffe0b7a0000 - 0x00007ffe0b990000 	C:\WINDOWS\SYSTEM32\ntdll.dll
0x00007ffe0a500000 - 0x00007ffe0a5b2000 	C:\WINDOWS\System32\KERNEL32.DLL
0x00007ffe08d10000 - 0x00007ffe08fb5000 	C:\WINDOWS\System32\KERNELBASE.dll
0x00007ffe0ace0000 - 0x00007ffe0ad83000 	C:\WINDOWS\System32\ADVAPI32.dll
0x00007ffe09fb0000 - 0x00007ffe0a04e000 	C:\WINDOWS\System32\msvcrt.dll
0x00007ffe0b070000 - 0x00007ffe0b107000 	C:\WINDOWS\System32\sechost.dll
0x00007ffe0a2c0000 - 0x00007ffe0a3e0000 	C:\WINDOWS\System32\RPCRT4.dll
0x00007ffe0a790000 - 0x00007ffe0a924000 	C:\WINDOWS\System32\USER32.dll
0x00007ffe09800000 - 0x00007ffe09821000 	C:\WINDOWS\System32\win32u.dll
0x00007ffe0a130000 - 0x00007ffe0a156000 	C:\WINDOWS\System32\GDI32.dll
0x00007ffe08710000 - 0x00007ffe088a6000 	C:\WINDOWS\System32\gdi32full.dll
0x00007ffe08c70000 - 0x00007ffe08d0e000 	C:\WINDOWS\System32\msvcp_win.dll
0x00007ffe08940000 - 0x00007ffe08a3a000 	C:\WINDOWS\System32\ucrtbase.dll
0x00007ffdf6d90000 - 0x00007ffdf7014000 	C:\WINDOWS\WinSxS\amd64_microsoft.windows.common-controls_6595b64144ccf1df_6.0.18362.1256_none_9e7e379be45e40e2\COMCTL32.dll
0x00007ffe0a9a0000 - 0x00007ffe0acd6000 	C:\WINDOWS\System32\combase.dll
0x00007ffe088b0000 - 0x00007ffe08931000 	C:\WINDOWS\System32\bcryptPrimitives.dll
0x00007ffe0a3e0000 - 0x00007ffe0a40e000 	C:\WINDOWS\System32\IMM32.DLL
0x0000000060e40000 - 0x0000000060f12000 	C:\Program Files\Android\Android Studio\jre\jre\bin\msvcr100.dll
0x0000000061000000 - 0x000000006184b000 	C:\Program Files\Android\Android Studio\jre\jre\bin\server\jvm.dll
0x00007ffe0a930000 - 0x00007ffe0a938000 	C:\WINDOWS\System32\PSAPI.DLL
0x00007ffded880000 - 0x00007ffded889000 	C:\WINDOWS\SYSTEM32\WSOCK32.dll
0x00007ffe00910000 - 0x00007ffe00934000 	C:\WINDOWS\SYSTEM32\WINMM.dll
0x00007ffe0a490000 - 0x00007ffe0a4ff000 	C:\WINDOWS\System32\WS2_32.dll
0x00007ffdfaa00000 - 0x00007ffdfaa0a000 	C:\WINDOWS\SYSTEM32\VERSION.dll
0x00007ffe008e0000 - 0x00007ffe0090d000 	C:\WINDOWS\SYSTEM32\WINMMBASE.dll
0x00007ffe08a70000 - 0x00007ffe08aba000 	C:\WINDOWS\System32\cfgmgr32.dll
0x00007ffdf6b90000 - 0x00007ffdf6b9f000 	C:\Program Files\Android\Android Studio\jre\jre\bin\verify.dll
0x00007ffdd5db0000 - 0x00007ffdd5dd9000 	C:\Program Files\Android\Android Studio\jre\jre\bin\java.dll
0x00007ffde5d20000 - 0x00007ffde5d36000 	C:\Program Files\Android\Android Studio\jre\jre\bin\zip.dll
0x00007ffe09850000 - 0x00007ffe09f37000 	C:\WINDOWS\System32\SHELL32.dll
0x00007ffe0ad90000 - 0x00007ffe0ae39000 	C:\WINDOWS\System32\shcore.dll
0x00007ffe09070000 - 0x00007ffe097f1000 	C:\WINDOWS\System32\windows.storage.dll
0x00007ffe086e0000 - 0x00007ffe08703000 	C:\WINDOWS\System32\profapi.dll
0x00007ffe08690000 - 0x00007ffe086da000 	C:\WINDOWS\System32\powrprof.dll
0x00007ffe08640000 - 0x00007ffe08650000 	C:\WINDOWS\System32\UMPDC.dll
0x00007ffe0b110000 - 0x00007ffe0b162000 	C:\WINDOWS\System32\shlwapi.dll
0x00007ffe08670000 - 0x00007ffe08681000 	C:\WINDOWS\System32\kernel.appcore.dll
0x00007ffe09830000 - 0x00007ffe09847000 	C:\WINDOWS\System32\cryptsp.dll
0x00007ffde15d0000 - 0x00007ffde15ea000 	C:\Program Files\Android\Android Studio\jre\jre\bin\net.dll
0x00007ffe07e90000 - 0x00007ffe07ef7000 	C:\WINDOWS\system32\mswsock.dll
0x00007ffdd99b0000 - 0x00007ffdd99c3000 	C:\Program Files\Android\Android Studio\jre\jre\bin\nio.dll
0x00007ffdd4530000 - 0x00007ffdd4556000 	C:\Users\c\.gradle\native\31\windows-amd64\native-platform.dll
0x00007ffdf5f80000 - 0x00007ffdf5f8d000 	C:\Program Files\Android\Android Studio\jre\jre\bin\management.dll
0x00007ffe07a00000 - 0x00007ffe07a33000 	C:\WINDOWS\system32\rsaenh.dll
0x00007ffe08a40000 - 0x00007ffe08a66000 	C:\WINDOWS\System32\bcrypt.dll
0x00007ffe08560000 - 0x00007ffe08585000 	C:\WINDOWS\SYSTEM32\USERENV.dll
0x00007ffe08060000 - 0x00007ffe0806c000 	C:\WINDOWS\SYSTEM32\CRYPTBASE.dll
0x00007ffe07ba0000 - 0x00007ffe07bda000 	C:\WINDOWS\SYSTEM32\IPHLPAPI.DLL
0x00007ffe0a120000 - 0x00007ffe0a128000 	C:\WINDOWS\System32\NSI.dll
0x00007ffdfcb10000 - 0x00007ffdfcb26000 	C:\WINDOWS\SYSTEM32\dhcpcsvc6.DLL
0x00007ffdfd650000 - 0x00007ffdfd66c000 	C:\WINDOWS\SYSTEM32\dhcpcsvc.DLL
0x00007ffe07be0000 - 0x00007ffe07cab000 	C:\WINDOWS\SYSTEM32\DNSAPI.dll

VM Arguments:
jvm_args: -Xmx2048m -Dfile.encoding=x-windows-949 -Duser.country=KR -Duser.language=ko -Duser.variant 
java_command: org.gradle.launcher.daemon.bootstrap.GradleDaemon 6.1.1
java_class_path (initial): C:\Users\c\.gradle\wrapper\dists\gradle-6.1.1-all\cfmwm155h49vnt3hynmlrsdst\gradle-6.1.1\lib\gradle-launcher-6.1.1.jar
Launcher Type: SUN_STANDARD

Environment Variables:
PATH=C:\Program Files (x86)\Google\Chrome\Application;C:\Program Files (x86)\Common Files\Oracle\Java\javapath;C:\Program Files (x86)\Intel\Intel(R) Management Engine Components\iCLS\;C:\Program Files\Intel\Intel(R) Management Engine Components\iCLS\;C:\windows\system32;C:\windows;C:\windows\System32\Wbem;C:\windows\System32\WindowsPowerShell\v1.0\;C:\windows\System32\OpenSSH\;C:\Program Files (x86)\NVIDIA Corporation\PhysX\Common;C:\Program Files\Intel\WiFi\bin\;C:\Program Files\Common Files\Intel\WirelessCommon\;C:\WINDOWS\system32;C:\WINDOWS;C:\WINDOWS\System32\Wbem;C:\WINDOWS\System32\WindowsPowerShell\v1.0\;C:\WINDOWS\System32\OpenSSH\;C:\Program Files\Git\cmd;C:\Program Files\MATLAB\R2020b\bin;C:\Users\c\AppData\Local\Microsoft\WindowsApps;C:\Users\c\AppData\Local\Programs\Microsoft VS Code\bin;C:\Users\c\AppData\Local\GitHubDesktop\bin
USERNAME=c
OS=Windows_NT
PROCESSOR_IDENTIFIER=Intel64 Family 6 Model 142 Stepping 12, GenuineIntel



---------------  S Y S T E M  ---------------

OS: Windows 10.0 , 64 bit Build 18362 (10.0.18362.1110)

CPU:total 8 (initial active 8) (4 cores per cpu, 2 threads per core) family 6 model 142 stepping 12, cmov, cx8, fxsr, mmx, sse, sse2, sse3, ssse3, sse4.1, sse4.2, popcnt, avx, avx2, aes, clmul, erms, 3dnowpref, lzcnt, ht, tsc, tscinvbit, bmi1, bmi2, adx

Memory: 4k page, physical 8242700k(560660k free), swap 10203660k(5676k free)

vm_info: OpenJDK 64-Bit Server VM (25.242-b01) for windows-amd64 JRE (1.8.0_242-release-1644-b01), built by "builder" with MS VC++ 10.0 (VS2010)

time: Fri Dec 18 23:25:03 2020
timezone: 대한민국 표준시
elapsed time: 173 seconds (0d 0h 2m 53s)

